{
  "RSpec": {
    "coverage": {
      "/Users/benlohrman/Documents/GitHub/se4proj/server/app/models/user.rb": {
        "lines": [
          1,
          1,
          null,
          1,
          1,
          null,
          1,
          null,
          1,
          1,
          null,
          1,
          null,
          1,
          7,
          null,
          null
        ]
      },
      "/Users/benlohrman/Documents/GitHub/se4proj/server/app/models/application_record.rb": {
        "lines": [
          1,
          1,
          null
        ]
      },
      "/Users/benlohrman/Documents/GitHub/se4proj/server/spec/models/user_spec.rb": {
        "lines": [
          1,
          null,
          1,
          1,
          1,
          null,
          1,
          null,
          null,
          1,
          1,
          1,
          null,
          null,
          null,
          null,
          null,
          null,
          null,
          null,
          1,
          null,
          1,
          null,
          null,
          1,
          1,
          1,
          null,
          null,
          null,
          null,
          null,
          null,
          null,
          1,
          null,
          1,
          null,
          null
        ]
      },
      "/Users/benlohrman/Documents/GitHub/se4proj/server/spec/requests/events_controller_spec.rb": {
        "lines": [
          1,
          null,
          1,
          1,
          null,
          14,
          14,
          14,
          null,
          null,
          14,
          null,
          null,
          1,
          1,
          1,
          null,
          1,
          null,
          null,
          1,
          1,
          null,
          1,
          null,
          null,
          1,
          1,
          null,
          null,
          null,
          null,
          null,
          null,
          null,
          null,
          null,
          null,
          null,
          1,
          null,
          1,
          null,
          null,
          null,
          1,
          1,
          1,
          null,
          1,
          null,
          null,
          1,
          1,
          1,
          1,
          null,
          1,
          null,
          1,
          null,
          1,
          null,
          null,
          1,
          1,
          null,
          1,
          null,
          null,
          1,
          1,
          null,
          1,
          null,
          1,
          null,
          null,
          1,
          1,
          null,
          1,
          null,
          1,
          null,
          null,
          null,
          1,
          1,
          1,
          null,
          1,
          null,
          null,
          1,
          1,
          null,
          null,
          null,
          null,
          null,
          null,
          null,
          null,
          null,
          null,
          null,
          1,
          null,
          null,
          1,
          1,
          null,
          null,
          null,
          null,
          null,
          null,
          null,
          null,
          null,
          null,
          null,
          1,
          null,
          1,
          1,
          null,
          null,
          null,
          1,
          1,
          1,
          null,
          1,
          null,
          null,
          1,
          1,
          null,
          1,
          null,
          null,
          1,
          1,
          null,
          1,
          null,
          null,
          null
        ]
      },
      "/Users/benlohrman/Documents/GitHub/se4proj/server/spec/requests/users_controller_spec.rb": {
        "lines": [
          1,
          null,
          1,
          1,
          null,
          23,
          23,
          23,
          null,
          null,
          23,
          null,
          null,
          1,
          1,
          1,
          null,
          1,
          null,
          null,
          1,
          1,
          null,
          1,
          null,
          1,
          1,
          null,
          null,
          null,
          1,
          1,
          1,
          null,
          1,
          null,
          null,
          1,
          1,
          null,
          1,
          null,
          null,
          1,
          1,
          null,
          1,
          null,
          1,
          null,
          null,
          null,
          1,
          1,
          1,
          null,
          1,
          null,
          null,
          1,
          1,
          null,
          1,
          null,
          null,
          1,
          1,
          null,
          1,
          null,
          1,
          null,
          1,
          1,
          null,
          1,
          null,
          1,
          null,
          null,
          null,
          1,
          1,
          1,
          null,
          1,
          null,
          null,
          1,
          1,
          null,
          1,
          null,
          null,
          1,
          1,
          null,
          1,
          null,
          1,
          1,
          1,
          1,
          null,
          null,
          null,
          1,
          1,
          1,
          null,
          1,
          null,
          null,
          1,
          1,
          null,
          1,
          null,
          null,
          1,
          1,
          null,
          1,
          1,
          null,
          null,
          null,
          1,
          1,
          1,
          null,
          1,
          null,
          null,
          1,
          1,
          null,
          1,
          null,
          null,
          1,
          1,
          null,
          1,
          null,
          1,
          null,
          null,
          1,
          1,
          null,
          1,
          null,
          1,
          null,
          null,
          null,
          1,
          1,
          null,
          4,
          4,
          4,
          null,
          null,
          4,
          null,
          null,
          1,
          1,
          null,
          1,
          null,
          null,
          1,
          1,
          null,
          1,
          null,
          null,
          1,
          1,
          null,
          1,
          null,
          1,
          null,
          null,
          1,
          1,
          null,
          1,
          null,
          1,
          null,
          null,
          null
        ]
      },
      "/Users/benlohrman/Documents/GitHub/se4proj/server/db/seeds.rb": {
        "lines": [
          null,
          null,
          null,
          null,
          null,
          null,
          null,
          null,
          null,
          null,
          null,
          1,
          1,
          null,
          null,
          null,
          null,
          null,
          null,
          null,
          null,
          1,
          1,
          null,
          null,
          null,
          null,
          null,
          null,
          null,
          null,
          1,
          1,
          null,
          null,
          null,
          null,
          null,
          null,
          null,
          null,
          null,
          1,
          null,
          null,
          null,
          null,
          null,
          null,
          null,
          null,
          null,
          null,
          null,
          null,
          null,
          1,
          null,
          null,
          null,
          null,
          null,
          null,
          null,
          null,
          null,
          null,
          null,
          null,
          null,
          1,
          null,
          null,
          null,
          null,
          null,
          null,
          null,
          null,
          null,
          null,
          null,
          null,
          null,
          null,
          null,
          1,
          null,
          null,
          null,
          null,
          null,
          1,
          null,
          null,
          null,
          null,
          null,
          1,
          null,
          null,
          null,
          null
        ]
      },
      "/Users/benlohrman/Documents/GitHub/se4proj/server/app/models/questionnaire.rb": {
        "lines": [
          1,
          null
        ]
      },
      "/Users/benlohrman/Documents/GitHub/se4proj/server/app/models/event.rb": {
        "lines": [
          1,
          1,
          1,
          null,
          1,
          null,
          1,
          null,
          1,
          null,
          1,
          null,
          1,
          7,
          7,
          7,
          7,
          7,
          null,
          null
        ]
      },
      "/Users/benlohrman/Documents/GitHub/se4proj/server/app/models/participant.rb": {
        "lines": [
          1,
          1,
          1,
          null
        ]
      },
      "/Users/benlohrman/Documents/GitHub/se4proj/server/app/controllers/users_controller.rb": {
        "lines": [
          1,
          null,
          1,
          2,
          1,
          2,
          null,
          null,
          1,
          null,
          null,
          1,
          null,
          4,
          null,
          1,
          2,
          null,
          null,
          null,
          1,
          3,
          null,
          3,
          1,
          2,
          null,
          null,
          1,
          null,
          null,
          2,
          2,
          null,
          null,
          null,
          null,
          null,
          null,
          null,
          null,
          2,
          1,
          2,
          null,
          null,
          1,
          null,
          null,
          1,
          null,
          null,
          null,
          null,
          1,
          2,
          null,
          null,
          null,
          1,
          null,
          4,
          1,
          2,
          null,
          null,
          1,
          null,
          null,
          3,
          null,
          3,
          1,
          2,
          null,
          null,
          1,
          null,
          null,
          2,
          2,
          4,
          null,
          2,
          2,
          6,
          null,
          2,
          null,
          2,
          4,
          null,
          null,
          null,
          1,
          null,
          3,
          1,
          2,
          null,
          null,
          1,
          null,
          null,
          2,
          null,
          2,
          1,
          2,
          null,
          null,
          1,
          null,
          null,
          1,
          1,
          null,
          null,
          null,
          null,
          null,
          null,
          null,
          null,
          1,
          null,
          1,
          2,
          null,
          null,
          null,
          1,
          45,
          null,
          45,
          1,
          2,
          null,
          null,
          1,
          null,
          null,
          44,
          1,
          2,
          null,
          null,
          1,
          null,
          null,
          43,
          null,
          null,
          null,
          null,
          43,
          86,
          null,
          null,
          null,
          1,
          null,
          4,
          1,
          2,
          null,
          null,
          1,
          null,
          null,
          3,
          null,
          3,
          1,
          2,
          null,
          null,
          1,
          null,
          null,
          2,
          2,
          null,
          2,
          2,
          null,
          4,
          4,
          null,
          2,
          4,
          null,
          null,
          null,
          1,
          null,
          4,
          1,
          2,
          null,
          null,
          1,
          null,
          null,
          3,
          null,
          3,
          1,
          2,
          null,
          null,
          1,
          null,
          null,
          2,
          2,
          null,
          3,
          null,
          2,
          4,
          null,
          null,
          null,
          1,
          null,
          1,
          11,
          11,
          11,
          11,
          null,
          11,
          null,
          11,
          null,
          null,
          null
        ]
      },
      "/Users/benlohrman/Documents/GitHub/se4proj/server/app/controllers/application_controller.rb": {
        "lines": [
          1,
          1,
          null,
          1,
          44,
          null,
          null,
          1,
          353,
          null,
          null,
          1,
          181,
          172,
          null,
          172,
          0,
          0,
          null,
          null,
          null,
          null,
          1,
          95,
          86,
          86,
          null,
          null,
          null,
          1,
          52,
          null,
          null,
          1,
          52,
          43,
          43,
          null,
          null,
          null,
          null,
          null
        ]
      },
      "/Users/benlohrman/Documents/GitHub/se4proj/server/app/controllers/events_controller.rb": {
        "lines": [
          1,
          1,
          null,
          null,
          3,
          1,
          2,
          null,
          null,
          1,
          null,
          null,
          2,
          null,
          2,
          null,
          null,
          null,
          null,
          null,
          null,
          null,
          null,
          null,
          null,
          null,
          null,
          null,
          2,
          1,
          2,
          null,
          1,
          null,
          null,
          1,
          2,
          null,
          null,
          null,
          1,
          null,
          null,
          5,
          1,
          2,
          null,
          null,
          1,
          null,
          null,
          4,
          4,
          4,
          null,
          4,
          1,
          2,
          null,
          null,
          1,
          null,
          null,
          null,
          3,
          1,
          2,
          null,
          null,
          1,
          null,
          null,
          2,
          2,
          null,
          2,
          null,
          2,
          null,
          2,
          4,
          null,
          null,
          null,
          1,
          null,
          3,
          1,
          2,
          null,
          null,
          1,
          null,
          null,
          2,
          null,
          2,
          null,
          2,
          1,
          2,
          null,
          null,
          1,
          null,
          null,
          1,
          null,
          null,
          null,
          null,
          null,
          null,
          null,
          null,
          null,
          null,
          null,
          null,
          null,
          1,
          null,
          1,
          2,
          null,
          null,
          null,
          1,
          null,
          3,
          1,
          2,
          null,
          null,
          1,
          null,
          null,
          2,
          null,
          2,
          null,
          2,
          1,
          2,
          null,
          null,
          1,
          null,
          null,
          1,
          1,
          null,
          1,
          1,
          null,
          1,
          2,
          null,
          null,
          null
        ]
      }
    },
    "timestamp": 1617931760
  }
}
